c:\users\hkals\source\repos\gameboyoop\gameboyoop\x64\release\vc143.pdb
c:\users\hkals\source\repos\gameboyoop\gameboyoop\x64\release\hangmangame.obj
c:\users\hkals\source\repos\gameboyoop\gameboyoop\x64\release\snakegame.obj
c:\users\hkals\source\repos\gameboyoop\gameboyoop\x64\release\s.obj
c:\users\hkals\source\repos\gameboyoop\gameboyoop\x64\release\menu.obj
c:\users\hkals\source\repos\gameboyoop\gameboyoop\x64\release\gameboyoop.obj
c:\users\hkals\source\repos\gameboyoop\gameboyoop\x64\release\gameboy.obj
c:\users\hkals\source\repos\gameboyoop\gameboyoop\x64\release\game.obj
c:\users\hkals\source\repos\gameboyoop\gameboyoop\x64\release\main_wordle.obj
c:\users\hkals\source\repos\gameboyoop\gameboyoop\x64\release\gameboyoop.ipdb
c:\users\hkals\source\repos\gameboyoop\gameboyoop\x64\release\gameboyoop.iobj
c:\users\hkals\source\repos\gameboyoop\x64\release\gameboyoop.pdb
c:\users\hkals\source\repos\gameboyoop\x64\release\gameboyoop.exe
c:\users\hkals\source\repos\gameboyoop\gameboyoop\x64\release\gameboyoop.tlog\cl.command.1.tlog
c:\users\hkals\source\repos\gameboyoop\gameboyoop\x64\release\gameboyoop.tlog\cl.items.tlog
c:\users\hkals\source\repos\gameboyoop\gameboyoop\x64\release\gameboyoop.tlog\cl.read.1.tlog
c:\users\hkals\source\repos\gameboyoop\gameboyoop\x64\release\gameboyoop.tlog\cl.write.1.tlog
c:\users\hkals\source\repos\gameboyoop\gameboyoop\x64\release\gameboyoop.tlog\link.command.1.tlog
c:\users\hkals\source\repos\gameboyoop\gameboyoop\x64\release\gameboyoop.tlog\link.read.1.tlog
c:\users\hkals\source\repos\gameboyoop\gameboyoop\x64\release\gameboyoop.tlog\link.secondary.1.tlog
c:\users\hkals\source\repos\gameboyoop\gameboyoop\x64\release\gameboyoop.tlog\link.write.1.tlog
